0 info it worked if it ends with ok
1 verbose cli [ 'C:\\Program Files\\nodejs\\node.exe',
1 verbose cli   'C:\\Users\\SU\\AppData\\Roaming\\npm\\node_modules\\cnpm\\node_modules\\npm\\bin\\npm-cli.js',
1 verbose cli   '--userconfig=C:\\Users\\SU\\.cnpmrc',
1 verbose cli   '--disturl=https://npm.taobao.org/mirrors/node',
1 verbose cli   '--registry=https://registry.npm.taobao.org',
1 verbose cli   'run',
1 verbose cli   'server' ]
2 info using npm@3.10.10
3 info using node@v8.7.0
4 verbose run-script [ 'preserver', 'server', 'postserver' ]
5 info lifecycle webpack@1.0.0~preserver: webpack@1.0.0
6 silly lifecycle webpack@1.0.0~preserver: no script for preserver, continuing
7 info lifecycle webpack@1.0.0~server: webpack@1.0.0
8 verbose lifecycle webpack@1.0.0~server: unsafe-perm in lifecycle true
9 verbose lifecycle webpack@1.0.0~server: PATH: C:\Users\SU\AppData\Roaming\npm\node_modules\cnpm\node_modules\npm\bin\node-gyp-bin;C:\Users\SU\Desktop\webpack-Demo\Output Management\node_modules\.bin;C:\WINDOWS\system32;C:\WINDOWS;C:\WINDOWS\System32\Wbem;C:\WINDOWS\System32\WindowsPowerShell\v1.0\;C:\Program Files\Git\cmd;C:\Program Files\nodejs\;C:\Users\SU\AppData\Local\Microsoft\WindowsApps;C:\Users\SU\AppData\Local\Programs\Fiddler;C:\Users\SU\AppData\Local\Microsoft\WindowsApps;C:\Users\SU\AppData\Roaming\npm
10 verbose lifecycle webpack@1.0.0~server: CWD: C:\Users\SU\Desktop\webpack-Demo\Output Management
11 silly lifecycle webpack@1.0.0~server: Args: [ '/d /s /c', 'node server.js' ]
12 silly lifecycle webpack@1.0.0~server: Returned: code: 1  signal: null
13 info lifecycle webpack@1.0.0~server: Failed to exec server script
14 verbose stack Error: webpack@1.0.0 server: `node server.js`
14 verbose stack Exit status 1
14 verbose stack     at EventEmitter.<anonymous> (C:\Users\SU\AppData\Roaming\npm\node_modules\cnpm\node_modules\npm\lib\utils\lifecycle.js:255:16)
14 verbose stack     at emitTwo (events.js:125:13)
14 verbose stack     at EventEmitter.emit (events.js:213:7)
14 verbose stack     at ChildProcess.<anonymous> (C:\Users\SU\AppData\Roaming\npm\node_modules\cnpm\node_modules\npm\lib\utils\spawn.js:40:14)
14 verbose stack     at emitTwo (events.js:125:13)
14 verbose stack     at ChildProcess.emit (events.js:213:7)
14 verbose stack     at maybeClose (internal/child_process.js:927:16)
14 verbose stack     at Process.ChildProcess._handle.onexit (internal/child_process.js:211:5)
15 verbose pkgid webpack@1.0.0
16 verbose cwd C:\Users\SU\Desktop\webpack-Demo\Output Management
17 error Windows_NT 10.0.15063
18 error argv "C:\\Program Files\\nodejs\\node.exe" "C:\\Users\\SU\\AppData\\Roaming\\npm\\node_modules\\cnpm\\node_modules\\npm\\bin\\npm-cli.js" "--userconfig=C:\\Users\\SU\\.cnpmrc" "--disturl=https://npm.taobao.org/mirrors/node" "--registry=https://registry.npm.taobao.org" "run" "server"
19 error node v8.7.0
20 error npm  v3.10.10
21 error code ELIFECYCLE
22 error webpack@1.0.0 server: `node server.js`
22 error Exit status 1
23 error Failed at the webpack@1.0.0 server script 'node server.js'.
23 error Make sure you have the latest version of node.js and npm installed.
23 error If you do, this is most likely a problem with the webpack package,
23 error not with npm itself.
23 error Tell the author that this fails on your system:
23 error     node server.js
23 error You can get information on how to open an issue for this project with:
23 error     npm bugs webpack
23 error Or if that isn't available, you can get their info via:
23 error     npm owner ls webpack
23 error There is likely additional logging output above.
24 verbose exit [ 1, true ]
